<?xml version="1.0" encoding="UTF-8"?>
<!-- Generated by org.testng.reporters.JUnitXMLReporter -->
<testsuite ignored="0" hostname="CLIRKOL223" failures="0" tests="20" name="Default test" time="141.512" errors="0" timestamp="2023-09-19T09:53:34 IST">
  <testcase classname="com.clirnet.sanity.MobileClirnetSanity" name="HomeReadMedwiki" time="11.488"/>
  <testcase classname="com.clirnet.sanity.MobileClirnetSanity" name="homeclick" time="7.289"/>
  <testcase classname="com.clirnet.sanity.MobileClirnetSanity" name="doctubeclick" time="2.047"/>
  <testcase classname="com.clirnet.sanity.MobileClirnetSanity" name="communityclick" time="1.192"/>
  <testcase classname="com.clirnet.sanity.MobileClirnetSanity" name="ExploreClick" time="2.255"/>
  <testcase classname="com.clirnet.sanity.MobileClirnetSanity" name="LiveCMEClick" time="2.222"/>
  <testcase classname="com.clirnet.sanity.MobileClirnetSanity" name="LiveMedWikiClick" time="2.888"/>
  <testcase classname="com.clirnet.sanity.MobileClirnetSanity" name="ClinicalvideoClick" time="5.402"/>
  <testcase classname="com.clirnet.sanity.MobileClirnetSanity" name="ClickGrandRounds" time="4.063"/>
  <testcase classname="com.clirnet.sanity.MobileClirnetSanity" name="CoursesClick" time="3.033"/>
  <testcase classname="com.clirnet.sanity.MobileClirnetSanity" name="PollClick" time="4.174"/>
  <testcase classname="com.clirnet.sanity.MobileClirnetSanity" name="DDXClick" time="4.022"/>
  <testcase classname="com.clirnet.sanity.MobileClirnetSanity" name="Epaper" time="3.978"/>
  <testcase classname="com.clirnet.sanity.MobileClirnetSanity" name="Telemed" time="4.036"/>
  <testcase classname="com.clirnet.sanity.MobileClirnetSanity" name="DR" time="1.6"/>
  <testcase classname="com.clirnet.sanity.MobileClirnetSanity" name="EditProfile" time="14.97"/>
  <testcase classname="com.clirnet.sanity.MobileClirnetSanity" name="HeaderNavigation" time="17.965"/>
  <testcase classname="com.clirnet.sanity.MobileClirnetSanity" name="TrendingNowClick" time="9.313"/>
  <testcase classname="com.clirnet.sanity.MobileClirnetSanity" name="EbookDetail" time="18.327"/>
  <testcase classname="com.clirnet.sanity.MobileClirnetSanity" name="LiveCmeDetail" time="21.129"/>
</testsuite> <!-- Default test -->
