<?xml version="1.0" encoding="UTF-8"?>
<!-- Generated by org.testng.reporters.JUnitXMLReporter -->
<testsuite ignored="0" hostname="CLIRKOL223" failures="0" tests="20" name="Test" time="137.163" errors="0" timestamp="2023-08-30T16:43:12 IST">
  <testcase classname="com.clirnet.sanity.ClirnetSanity" name="HomeReadMedwiki" time="32.929"/>
  <testcase classname="com.clirnet.sanity.ClirnetSanity" name="homeclick" time="0.656"/>
  <testcase classname="com.clirnet.sanity.ClirnetSanity" name="doctubeclick" time="2.811"/>
  <testcase classname="com.clirnet.sanity.ClirnetSanity" name="communityclick" time="1.184"/>
  <testcase classname="com.clirnet.sanity.ClirnetSanity" name="ExploreClick" time="0.138"/>
  <testcase classname="com.clirnet.sanity.ClirnetSanity" name="LiveCMEClick" time="2.857"/>
  <testcase classname="com.clirnet.sanity.ClirnetSanity" name="LiveMedWikiClick" time="2.465"/>
  <testcase classname="com.clirnet.sanity.ClirnetSanity" name="ClinicalvideoClick" time="3.724"/>
  <testcase classname="com.clirnet.sanity.ClirnetSanity" name="ClickGrandRounds" time="3.373"/>
  <testcase classname="com.clirnet.sanity.ClirnetSanity" name="CoursesClick" time="2.364"/>
  <testcase classname="com.clirnet.sanity.ClirnetSanity" name="PollClick" time="4.196"/>
  <testcase classname="com.clirnet.sanity.ClirnetSanity" name="DDXClick" time="4.027"/>
  <testcase classname="com.clirnet.sanity.ClirnetSanity" name="Epaper" time="3.331"/>
  <testcase classname="com.clirnet.sanity.ClirnetSanity" name="Telemed" time="4.2"/>
  <testcase classname="com.clirnet.sanity.ClirnetSanity" name="DR" time="1.506"/>
  <testcase classname="com.clirnet.sanity.ClirnetSanity" name="EditProfile" time="18.013"/>
  <testcase classname="com.clirnet.sanity.ClirnetSanity" name="HeaderNavigation" time="13.295"/>
  <testcase classname="com.clirnet.sanity.ClirnetSanity" name="TrendingNowClick" time="5.163"/>
  <testcase classname="com.clirnet.sanity.ClirnetSanity" name="EbookDetail" time="19.067"/>
  <testcase classname="com.clirnet.sanity.ClirnetSanity" name="LiveCmeDetail" time="11.752"/>
</testsuite> <!-- Test -->
