<?xml version="1.0" encoding="UTF-8"?>
<!-- Generated by org.testng.reporters.JUnitXMLReporter -->
<testsuite ignored="0" hostname="CLIRKOL223" failures="0" tests="20" name="Test" time="113.954" errors="0" timestamp="2023-09-15T12:02:36 IST">
  <testcase classname="com.clirnet.sanity.ClirnetSanity" name="HomeReadMedwiki" time="13.578"/>
  <testcase classname="com.clirnet.sanity.ClirnetSanity" name="homeclick" time="0.984"/>
  <testcase classname="com.clirnet.sanity.ClirnetSanity" name="doctubeclick" time="1.706"/>
  <testcase classname="com.clirnet.sanity.ClirnetSanity" name="communityclick" time="1.003"/>
  <testcase classname="com.clirnet.sanity.ClirnetSanity" name="ExploreClick" time="0.09"/>
  <testcase classname="com.clirnet.sanity.ClirnetSanity" name="LiveCMEClick" time="2.903"/>
  <testcase classname="com.clirnet.sanity.ClirnetSanity" name="LiveMedWikiClick" time="2.486"/>
  <testcase classname="com.clirnet.sanity.ClirnetSanity" name="ClinicalvideoClick" time="3.407"/>
  <testcase classname="com.clirnet.sanity.ClirnetSanity" name="ClickGrandRounds" time="3.579"/>
  <testcase classname="com.clirnet.sanity.ClirnetSanity" name="CoursesClick" time="2.395"/>
  <testcase classname="com.clirnet.sanity.ClirnetSanity" name="PollClick" time="4.023"/>
  <testcase classname="com.clirnet.sanity.ClirnetSanity" name="DDXClick" time="4.289"/>
  <testcase classname="com.clirnet.sanity.ClirnetSanity" name="Epaper" time="3.316"/>
  <testcase classname="com.clirnet.sanity.ClirnetSanity" name="Telemed" time="3.57"/>
  <testcase classname="com.clirnet.sanity.ClirnetSanity" name="DR" time="1.024"/>
  <testcase classname="com.clirnet.sanity.ClirnetSanity" name="EditProfile" time="18.457"/>
  <testcase classname="com.clirnet.sanity.ClirnetSanity" name="HeaderNavigation" time="16.44"/>
  <testcase classname="com.clirnet.sanity.ClirnetSanity" name="TrendingNowClick" time="5.12"/>
  <testcase classname="com.clirnet.sanity.ClirnetSanity" name="EbookDetail" time="19.077"/>
  <testcase classname="com.clirnet.sanity.ClirnetSanity" name="LiveCmeDetail" time="6.415"/>
</testsuite> <!-- Test -->
