<?xml version="1.0" encoding="UTF-8"?>
<testsuite xmlns:xsi="http://www.w3.org/2001/XMLSchema-instance" xsi:noNamespaceSchemaLocation="https://maven.apache.org/surefire/maven-surefire-plugin/xsd/surefire-test-report-3.0.xsd" version="3.0" name="TestSuite" time="114.699" tests="20" errors="0" skipped="0" failures="0">
  <properties>
[...]
</properties>
  <testcase name="HomeReadMedwiki" classname="com.clirnet.sanity.ClirnetSanity" time="13.577">
    <system-out><![CDATA[----Webdriverinit-----
]]></system-out>
    <system-err><![CDATA[SLF4J: Failed to load class "org.slf4j.impl.StaticLoggerBinder".
SLF4J: Defaulting to no-operation (NOP) logger implementation
SLF4J: See http://www.slf4j.org/codes.html#StaticLoggerBinder for further details.
Sep 15, 2023 12:00:45 PM org.openqa.selenium.devtools.CdpVersionFinder findNearestMatch
WARNING: Unable to find an exact match for CDP version 117, so returning the closest version found: 115
]]></system-err>
  </testcase>
  <testcase name="homeclick" classname="com.clirnet.sanity.ClirnetSanity" time="0.983"/>
  <testcase name="doctubeclick" classname="com.clirnet.sanity.ClirnetSanity" time="1.7"/>
  <testcase name="communityclick" classname="com.clirnet.sanity.ClirnetSanity" time="1.004"/>
  <testcase name="ExploreClick" classname="com.clirnet.sanity.ClirnetSanity" time="0.09"/>
  <testcase name="LiveCMEClick" classname="com.clirnet.sanity.ClirnetSanity" time="2.904"/>
  <testcase name="LiveMedWikiClick" classname="com.clirnet.sanity.ClirnetSanity" time="2.485"/>
  <testcase name="ClinicalvideoClick" classname="com.clirnet.sanity.ClirnetSanity" time="3.406"/>
  <testcase name="ClickGrandRounds" classname="com.clirnet.sanity.ClirnetSanity" time="3.579"/>
  <testcase name="CoursesClick" classname="com.clirnet.sanity.ClirnetSanity" time="2.395"/>
  <testcase name="PollClick" classname="com.clirnet.sanity.ClirnetSanity" time="4.024"/>
  <testcase name="DDXClick" classname="com.clirnet.sanity.ClirnetSanity" time="4.289"/>
  <testcase name="Epaper" classname="com.clirnet.sanity.ClirnetSanity" time="3.315"/>
  <testcase name="Telemed" classname="com.clirnet.sanity.ClirnetSanity" time="3.567"/>
  <testcase name="DR" classname="com.clirnet.sanity.ClirnetSanity" time="1.024"/>
  <testcase name="EditProfile" classname="com.clirnet.sanity.ClirnetSanity" time="18.458">
    <system-out><![CDATA[Anant Kumar Sahu
]]></system-out>
  </testcase>
  <testcase name="HeaderNavigation" classname="com.clirnet.sanity.ClirnetSanity" time="16.44"/>
  <testcase name="TrendingNowClick" classname="com.clirnet.sanity.ClirnetSanity" time="5.121"/>
  <testcase name="EbookDetail" classname="com.clirnet.sanity.ClirnetSanity" time="19.077"/>
  <testcase name="LiveCmeDetail" classname="com.clirnet.sanity.ClirnetSanity" time="6.415">
    <system-err><![CDATA[Sep 15, 2023 12:02:36 PM org.openqa.selenium.remote.http.WebSocket$Listener onError
WARNING: Connection reset
java.net.SocketException: Connection reset
	at java.base/sun.nio.ch.SocketChannelImpl.throwConnectionReset(SocketChannelImpl.java:394)
	at java.base/sun.nio.ch.SocketChannelImpl.read(SocketChannelImpl.java:426)
	at io.netty.buffer.PooledByteBuf.setBytes(PooledByteBuf.java:256)
	at io.netty.buffer.AbstractByteBuf.writeBytes(AbstractByteBuf.java:1132)
	at io.netty.channel.socket.nio.NioSocketChannel.doReadBytes(NioSocketChannel.java:357)
	at io.netty.channel.nio.AbstractNioByteChannel$NioByteUnsafe.read(AbstractNioByteChannel.java:151)
	at io.netty.channel.nio.NioEventLoop.processSelectedKey(NioEventLoop.java:788)
	at io.netty.channel.nio.NioEventLoop.processSelectedKeysOptimized(NioEventLoop.java:724)
	at io.netty.channel.nio.NioEventLoop.processSelectedKeys(NioEventLoop.java:650)
	at io.netty.channel.nio.NioEventLoop.run(NioEventLoop.java:562)
	at io.netty.util.concurrent.SingleThreadEventExecutor$4.run(SingleThreadEventExecutor.java:997)
	at io.netty.util.internal.ThreadExecutorMap$2.run(ThreadExecutorMap.java:74)
	at io.netty.util.concurrent.FastThreadLocalRunnable.run(FastThreadLocalRunnable.java:30)
	at java.base/java.lang.Thread.run(Thread.java:833)

]]></system-err>
  </testcase>
</testsuite>