<?xml version="1.0" encoding="UTF-8"?>
<testng-results ignored="0" total="20" passed="20" failed="0" skipped="0">
  <reporter-output>
  </reporter-output>
  <suite started-at="2023-09-15T12:00:43 IST" name="Suite" finished-at="2023-09-15T12:02:36 IST" duration-ms="113954">
    <groups>
    </groups>
    <test started-at="2023-09-15T12:00:43 IST" name="Test" finished-at="2023-09-15T12:02:36 IST" duration-ms="113954">
      <class name="com.clirnet.sanity.ClirnetSanity">
        <test-method signature="HomeReadMedwiki()[pri:0, instance:com.clirnet.sanity.ClirnetSanity@72f926e6]" started-at="2023-09-15T12:00:43 IST" name="HomeReadMedwiki" finished-at="2023-09-15T12:00:56 IST" duration-ms="13578" status="PASS">
          <reporter-output>
          </reporter-output>
        </test-method> <!-- HomeReadMedwiki -->
        <test-method signature="homeclick()[pri:1, instance:com.clirnet.sanity.ClirnetSanity@72f926e6]" started-at="2023-09-15T12:00:56 IST" name="homeclick" finished-at="2023-09-15T12:00:57 IST" duration-ms="984" status="PASS">
          <reporter-output>
          </reporter-output>
        </test-method> <!-- homeclick -->
        <test-method signature="doctubeclick()[pri:2, instance:com.clirnet.sanity.ClirnetSanity@72f926e6]" started-at="2023-09-15T12:00:57 IST" name="doctubeclick" finished-at="2023-09-15T12:00:59 IST" duration-ms="1706" status="PASS">
          <reporter-output>
          </reporter-output>
        </test-method> <!-- doctubeclick -->
        <test-method signature="communityclick()[pri:3, instance:com.clirnet.sanity.ClirnetSanity@72f926e6]" started-at="2023-09-15T12:00:59 IST" name="communityclick" finished-at="2023-09-15T12:01:00 IST" duration-ms="1003" status="PASS">
          <reporter-output>
          </reporter-output>
        </test-method> <!-- communityclick -->
        <test-method signature="ExploreClick()[pri:4, instance:com.clirnet.sanity.ClirnetSanity@72f926e6]" started-at="2023-09-15T12:01:00 IST" name="ExploreClick" finished-at="2023-09-15T12:01:00 IST" duration-ms="90" status="PASS">
          <reporter-output>
          </reporter-output>
        </test-method> <!-- ExploreClick -->
        <test-method signature="LiveCMEClick()[pri:5, instance:com.clirnet.sanity.ClirnetSanity@72f926e6]" started-at="2023-09-15T12:01:00 IST" name="LiveCMEClick" finished-at="2023-09-15T12:01:03 IST" duration-ms="2903" status="PASS">
          <reporter-output>
          </reporter-output>
        </test-method> <!-- LiveCMEClick -->
        <test-method signature="LiveMedWikiClick()[pri:6, instance:com.clirnet.sanity.ClirnetSanity@72f926e6]" started-at="2023-09-15T12:01:03 IST" name="LiveMedWikiClick" finished-at="2023-09-15T12:01:05 IST" duration-ms="2486" status="PASS">
          <reporter-output>
          </reporter-output>
        </test-method> <!-- LiveMedWikiClick -->
        <test-method signature="ClinicalvideoClick()[pri:7, instance:com.clirnet.sanity.ClirnetSanity@72f926e6]" started-at="2023-09-15T12:01:05 IST" name="ClinicalvideoClick" finished-at="2023-09-15T12:01:09 IST" duration-ms="3407" status="PASS">
          <reporter-output>
          </reporter-output>
        </test-method> <!-- ClinicalvideoClick -->
        <test-method signature="ClickGrandRounds()[pri:8, instance:com.clirnet.sanity.ClirnetSanity@72f926e6]" started-at="2023-09-15T12:01:09 IST" name="ClickGrandRounds" finished-at="2023-09-15T12:01:12 IST" duration-ms="3579" status="PASS">
          <reporter-output>
          </reporter-output>
        </test-method> <!-- ClickGrandRounds -->
        <test-method signature="CoursesClick()[pri:9, instance:com.clirnet.sanity.ClirnetSanity@72f926e6]" started-at="2023-09-15T12:01:12 IST" name="CoursesClick" finished-at="2023-09-15T12:01:15 IST" duration-ms="2395" status="PASS">
          <reporter-output>
          </reporter-output>
        </test-method> <!-- CoursesClick -->
        <test-method signature="PollClick()[pri:10, instance:com.clirnet.sanity.ClirnetSanity@72f926e6]" started-at="2023-09-15T12:01:15 IST" name="PollClick" finished-at="2023-09-15T12:01:19 IST" duration-ms="4023" status="PASS">
          <reporter-output>
          </reporter-output>
        </test-method> <!-- PollClick -->
        <test-method signature="DDXClick()[pri:11, instance:com.clirnet.sanity.ClirnetSanity@72f926e6]" started-at="2023-09-15T12:01:19 IST" name="DDXClick" finished-at="2023-09-15T12:01:23 IST" duration-ms="4289" status="PASS">
          <reporter-output>
          </reporter-output>
        </test-method> <!-- DDXClick -->
        <test-method signature="Epaper()[pri:12, instance:com.clirnet.sanity.ClirnetSanity@72f926e6]" started-at="2023-09-15T12:01:23 IST" name="Epaper" finished-at="2023-09-15T12:01:26 IST" duration-ms="3316" status="PASS">
          <reporter-output>
          </reporter-output>
        </test-method> <!-- Epaper -->
        <test-method signature="Telemed()[pri:13, instance:com.clirnet.sanity.ClirnetSanity@72f926e6]" started-at="2023-09-15T12:01:26 IST" name="Telemed" finished-at="2023-09-15T12:01:30 IST" duration-ms="3570" status="PASS">
          <reporter-output>
          </reporter-output>
        </test-method> <!-- Telemed -->
        <test-method signature="DR()[pri:14, instance:com.clirnet.sanity.ClirnetSanity@72f926e6]" started-at="2023-09-15T12:01:30 IST" name="DR" finished-at="2023-09-15T12:01:31 IST" duration-ms="1024" status="PASS">
          <reporter-output>
          </reporter-output>
        </test-method> <!-- DR -->
        <test-method signature="EditProfile()[pri:15, instance:com.clirnet.sanity.ClirnetSanity@72f926e6]" started-at="2023-09-15T12:01:31 IST" name="EditProfile" finished-at="2023-09-15T12:01:49 IST" duration-ms="18457" status="PASS">
          <reporter-output>
          </reporter-output>
        </test-method> <!-- EditProfile -->
        <test-method signature="HeaderNavigation()[pri:16, instance:com.clirnet.sanity.ClirnetSanity@72f926e6]" started-at="2023-09-15T12:01:49 IST" name="HeaderNavigation" finished-at="2023-09-15T12:02:06 IST" duration-ms="16440" status="PASS">
          <reporter-output>
          </reporter-output>
        </test-method> <!-- HeaderNavigation -->
        <test-method signature="TrendingNowClick()[pri:17, instance:com.clirnet.sanity.ClirnetSanity@72f926e6]" started-at="2023-09-15T12:02:06 IST" name="TrendingNowClick" finished-at="2023-09-15T12:02:11 IST" duration-ms="5120" status="PASS">
          <reporter-output>
          </reporter-output>
        </test-method> <!-- TrendingNowClick -->
        <test-method signature="EbookDetail()[pri:18, instance:com.clirnet.sanity.ClirnetSanity@72f926e6]" started-at="2023-09-15T12:02:11 IST" name="EbookDetail" finished-at="2023-09-15T12:02:30 IST" duration-ms="19077" status="PASS">
          <reporter-output>
          </reporter-output>
        </test-method> <!-- EbookDetail -->
        <test-method signature="LiveCmeDetail()[pri:19, instance:com.clirnet.sanity.ClirnetSanity@72f926e6]" started-at="2023-09-15T12:02:30 IST" name="LiveCmeDetail" finished-at="2023-09-15T12:02:36 IST" duration-ms="6415" status="PASS">
          <reporter-output>
          </reporter-output>
        </test-method> <!-- LiveCmeDetail -->
      </class> <!-- com.clirnet.sanity.ClirnetSanity -->
    </test> <!-- Test -->
  </suite> <!-- Suite -->
</testng-results>
