<?xml version="1.0" encoding="UTF-8"?>
<testng-results ignored="0" total="20" passed="20" failed="0" skipped="0">
  <reporter-output>
  </reporter-output>
  <suite started-at="2023-09-19T09:51:12 IST" name="Default suite" finished-at="2023-09-19T09:53:34 IST" duration-ms="141512">
    <groups>
    </groups>
    <test started-at="2023-09-19T09:51:12 IST" name="Default test" finished-at="2023-09-19T09:53:34 IST" duration-ms="141512">
      <class name="com.clirnet.sanity.MobileClirnetSanity">
        <test-method signature="HomeReadMedwiki()[pri:0, instance:com.clirnet.sanity.MobileClirnetSanity@7bab3f1a]" started-at="2023-09-19T09:51:12 IST" name="HomeReadMedwiki" finished-at="2023-09-19T09:51:24 IST" duration-ms="11488" status="PASS">
          <reporter-output>
          </reporter-output>
        </test-method> <!-- HomeReadMedwiki -->
        <test-method signature="homeclick()[pri:1, instance:com.clirnet.sanity.MobileClirnetSanity@7bab3f1a]" started-at="2023-09-19T09:51:24 IST" name="homeclick" finished-at="2023-09-19T09:51:31 IST" duration-ms="7289" status="PASS">
          <reporter-output>
          </reporter-output>
        </test-method> <!-- homeclick -->
        <test-method signature="doctubeclick()[pri:2, instance:com.clirnet.sanity.MobileClirnetSanity@7bab3f1a]" started-at="2023-09-19T09:51:31 IST" name="doctubeclick" finished-at="2023-09-19T09:51:33 IST" duration-ms="2047" status="PASS">
          <reporter-output>
          </reporter-output>
        </test-method> <!-- doctubeclick -->
        <test-method signature="communityclick()[pri:3, instance:com.clirnet.sanity.MobileClirnetSanity@7bab3f1a]" started-at="2023-09-19T09:51:33 IST" name="communityclick" finished-at="2023-09-19T09:51:34 IST" duration-ms="1192" status="PASS">
          <reporter-output>
          </reporter-output>
        </test-method> <!-- communityclick -->
        <test-method signature="ExploreClick()[pri:4, instance:com.clirnet.sanity.MobileClirnetSanity@7bab3f1a]" started-at="2023-09-19T09:51:34 IST" name="ExploreClick" finished-at="2023-09-19T09:51:37 IST" duration-ms="2255" status="PASS">
          <reporter-output>
          </reporter-output>
        </test-method> <!-- ExploreClick -->
        <test-method signature="LiveCMEClick()[pri:5, instance:com.clirnet.sanity.MobileClirnetSanity@7bab3f1a]" started-at="2023-09-19T09:51:37 IST" name="LiveCMEClick" finished-at="2023-09-19T09:51:39 IST" duration-ms="2222" status="PASS">
          <reporter-output>
          </reporter-output>
        </test-method> <!-- LiveCMEClick -->
        <test-method signature="LiveMedWikiClick()[pri:6, instance:com.clirnet.sanity.MobileClirnetSanity@7bab3f1a]" started-at="2023-09-19T09:51:39 IST" name="LiveMedWikiClick" finished-at="2023-09-19T09:51:42 IST" duration-ms="2888" status="PASS">
          <reporter-output>
          </reporter-output>
        </test-method> <!-- LiveMedWikiClick -->
        <test-method signature="ClinicalvideoClick()[pri:7, instance:com.clirnet.sanity.MobileClirnetSanity@7bab3f1a]" started-at="2023-09-19T09:51:42 IST" name="ClinicalvideoClick" finished-at="2023-09-19T09:51:47 IST" duration-ms="5402" status="PASS">
          <reporter-output>
          </reporter-output>
        </test-method> <!-- ClinicalvideoClick -->
        <test-method signature="ClickGrandRounds()[pri:8, instance:com.clirnet.sanity.MobileClirnetSanity@7bab3f1a]" started-at="2023-09-19T09:51:47 IST" name="ClickGrandRounds" finished-at="2023-09-19T09:51:51 IST" duration-ms="4063" status="PASS">
          <reporter-output>
          </reporter-output>
        </test-method> <!-- ClickGrandRounds -->
        <test-method signature="CoursesClick()[pri:9, instance:com.clirnet.sanity.MobileClirnetSanity@7bab3f1a]" started-at="2023-09-19T09:51:51 IST" name="CoursesClick" finished-at="2023-09-19T09:51:54 IST" duration-ms="3033" status="PASS">
          <reporter-output>
          </reporter-output>
        </test-method> <!-- CoursesClick -->
        <test-method signature="PollClick()[pri:10, instance:com.clirnet.sanity.MobileClirnetSanity@7bab3f1a]" started-at="2023-09-19T09:51:54 IST" name="PollClick" finished-at="2023-09-19T09:51:58 IST" duration-ms="4174" status="PASS">
          <reporter-output>
          </reporter-output>
        </test-method> <!-- PollClick -->
        <test-method signature="DDXClick()[pri:11, instance:com.clirnet.sanity.MobileClirnetSanity@7bab3f1a]" started-at="2023-09-19T09:51:58 IST" name="DDXClick" finished-at="2023-09-19T09:52:02 IST" duration-ms="4022" status="PASS">
          <reporter-output>
          </reporter-output>
        </test-method> <!-- DDXClick -->
        <test-method signature="Epaper()[pri:12, instance:com.clirnet.sanity.MobileClirnetSanity@7bab3f1a]" started-at="2023-09-19T09:52:02 IST" name="Epaper" finished-at="2023-09-19T09:52:06 IST" duration-ms="3978" status="PASS">
          <reporter-output>
          </reporter-output>
        </test-method> <!-- Epaper -->
        <test-method signature="Telemed()[pri:13, instance:com.clirnet.sanity.MobileClirnetSanity@7bab3f1a]" started-at="2023-09-19T09:52:06 IST" name="Telemed" finished-at="2023-09-19T09:52:10 IST" duration-ms="4036" status="PASS">
          <reporter-output>
          </reporter-output>
        </test-method> <!-- Telemed -->
        <test-method signature="DR()[pri:14, instance:com.clirnet.sanity.MobileClirnetSanity@7bab3f1a]" started-at="2023-09-19T09:52:10 IST" name="DR" finished-at="2023-09-19T09:52:12 IST" duration-ms="1600" status="PASS">
          <reporter-output>
          </reporter-output>
        </test-method> <!-- DR -->
        <test-method signature="EditProfile()[pri:15, instance:com.clirnet.sanity.MobileClirnetSanity@7bab3f1a]" started-at="2023-09-19T09:52:12 IST" name="EditProfile" finished-at="2023-09-19T09:52:27 IST" duration-ms="14970" status="PASS">
          <reporter-output>
          </reporter-output>
        </test-method> <!-- EditProfile -->
        <test-method signature="HeaderNavigation()[pri:16, instance:com.clirnet.sanity.MobileClirnetSanity@7bab3f1a]" started-at="2023-09-19T09:52:27 IST" name="HeaderNavigation" finished-at="2023-09-19T09:52:45 IST" duration-ms="17965" status="PASS">
          <reporter-output>
          </reporter-output>
        </test-method> <!-- HeaderNavigation -->
        <test-method signature="TrendingNowClick()[pri:17, instance:com.clirnet.sanity.MobileClirnetSanity@7bab3f1a]" started-at="2023-09-19T09:52:45 IST" name="TrendingNowClick" finished-at="2023-09-19T09:52:54 IST" duration-ms="9313" status="PASS">
          <reporter-output>
          </reporter-output>
        </test-method> <!-- TrendingNowClick -->
        <test-method signature="EbookDetail()[pri:18, instance:com.clirnet.sanity.MobileClirnetSanity@7bab3f1a]" started-at="2023-09-19T09:52:54 IST" name="EbookDetail" finished-at="2023-09-19T09:53:13 IST" duration-ms="18327" status="PASS">
          <reporter-output>
          </reporter-output>
        </test-method> <!-- EbookDetail -->
        <test-method signature="LiveCmeDetail()[pri:19, instance:com.clirnet.sanity.MobileClirnetSanity@7bab3f1a]" started-at="2023-09-19T09:53:13 IST" name="LiveCmeDetail" finished-at="2023-09-19T09:53:34 IST" duration-ms="21129" status="PASS">
          <reporter-output>
          </reporter-output>
        </test-method> <!-- LiveCmeDetail -->
      </class> <!-- com.clirnet.sanity.MobileClirnetSanity -->
    </test> <!-- Default test -->
  </suite> <!-- Default suite -->
</testng-results>
